{"/Users/ralvarez/Repo/epam/aws-practitioner-be/data/products.ts": {"path":"/Users/ralvarez/Repo/epam/aws-practitioner-be/data/products.ts","statementMap":{"0":{"start":{"line":3,"column":13},"end":{"line":40,"column":2}}},"fnMap":{},"branchMap":{},"s":{"0":4},"f":{},"b":{}}
,"/Users/ralvarez/Repo/epam/aws-practitioner-be/services/headers.ts": {"path":"/Users/ralvarez/Repo/epam/aws-practitioner-be/services/headers.ts","statementMap":{"0":{"start":{"line":1,"column":13},"end":{"line":6,"column":2}}},"fnMap":{},"branchMap":{},"s":{"0":2},"f":{},"b":{}}
,"/Users/ralvarez/Repo/epam/aws-practitioner-be/services/products/handlers/getProductsByIdHandler.ts": {"path":"/Users/ralvarez/Repo/epam/aws-practitioner-be/services/products/handlers/getProductsByIdHandler.ts","statementMap":{"0":{"start":{"line":2,"column":0},"end":{"line":2,"column":40}},"1":{"start":{"line":3,"column":0},"end":{"line":3,"column":58}},"2":{"start":{"line":5,"column":20},"end":{"line":41,"column":1}},"3":{"start":{"line":8,"column":1},"end":{"line":40,"column":2}},"4":{"start":{"line":9,"column":20},"end":{"line":9,"column":51}},"5":{"start":{"line":11,"column":2},"end":{"line":17,"column":3}},"6":{"start":{"line":12,"column":3},"end":{"line":16,"column":5}},"7":{"start":{"line":18,"column":18},"end":{"line":18,"column":50}},"8":{"start":{"line":19,"column":2},"end":{"line":27,"column":3}},"9":{"start":{"line":20,"column":3},"end":{"line":26,"column":5}},"10":{"start":{"line":29,"column":2},"end":{"line":33,"column":4}},"11":{"start":{"line":35,"column":2},"end":{"line":39,"column":4}},"12":{"start":{"line":5,"column":13},"end":{"line":5,"column":20}}},"fnMap":{"0":{"name":"(anonymous_0)","decl":{"start":{"line":5,"column":20},"end":{"line":5,"column":25}},"loc":{"start":{"line":7,"column":36},"end":{"line":41,"column":1}}}},"branchMap":{"0":{"loc":{"start":{"line":11,"column":2},"end":{"line":17,"column":3}},"type":"if","locations":[{"start":{"line":11,"column":2},"end":{"line":17,"column":3}}]},"1":{"loc":{"start":{"line":19,"column":2},"end":{"line":27,"column":3}},"type":"if","locations":[{"start":{"line":19,"column":2},"end":{"line":27,"column":3}}]},"2":{"loc":{"start":{"line":19,"column":6},"end":{"line":19,"column":51}},"type":"binary-expr","locations":[{"start":{"line":19,"column":6},"end":{"line":19,"column":27}},{"start":{"line":19,"column":31},"end":{"line":19,"column":51}}]}},"s":{"0":1,"1":1,"2":1,"3":4,"4":4,"5":4,"6":1,"7":3,"8":2,"9":1,"10":1,"11":1,"12":1},"f":{"0":4},"b":{"0":[1],"1":[1],"2":[2,2]}}
,"/Users/ralvarez/Repo/epam/aws-practitioner-be/services/products/handlers/getProductsListHandler.ts": {"path":"/Users/ralvarez/Repo/epam/aws-practitioner-be/services/products/handlers/getProductsListHandler.ts","statementMap":{"0":{"start":{"line":2,"column":0},"end":{"line":2,"column":40}},"1":{"start":{"line":3,"column":0},"end":{"line":3,"column":58}},"2":{"start":{"line":5,"column":20},"end":{"line":20,"column":1}},"3":{"start":{"line":6,"column":1},"end":{"line":19,"column":2}},"4":{"start":{"line":7,"column":19},"end":{"line":7,"column":42}},"5":{"start":{"line":8,"column":2},"end":{"line":12,"column":4}},"6":{"start":{"line":14,"column":2},"end":{"line":18,"column":4}},"7":{"start":{"line":5,"column":13},"end":{"line":5,"column":20}}},"fnMap":{"0":{"name":"(anonymous_0)","decl":{"start":{"line":5,"column":20},"end":{"line":5,"column":25}},"loc":{"start":{"line":5,"column":63},"end":{"line":20,"column":1}}}},"branchMap":{},"s":{"0":1,"1":1,"2":1,"3":2,"4":2,"5":1,"6":1,"7":1},"f":{"0":2},"b":{}}
,"/Users/ralvarez/Repo/epam/aws-practitioner-be/services/products/repo/getProductsById.ts": {"path":"/Users/ralvarez/Repo/epam/aws-practitioner-be/services/products/repo/getProductsById.ts","statementMap":{"0":{"start":{"line":1,"column":0},"end":{"line":1,"column":54}},"1":{"start":{"line":4,"column":31},"end":{"line":16,"column":1}},"2":{"start":{"line":7,"column":1},"end":{"line":15,"column":2}},"3":{"start":{"line":8,"column":18},"end":{"line":9,"column":null}},"4":{"start":{"line":9,"column":3},"end":{"line":9,"column":30}},"5":{"start":{"line":11,"column":2},"end":{"line":11,"column":17}},"6":{"start":{"line":13,"column":2},"end":{"line":13,"column":74}},"7":{"start":{"line":14,"column":2},"end":{"line":14,"column":14}},"8":{"start":{"line":4,"column":13},"end":{"line":4,"column":31}}},"fnMap":{"0":{"name":"(anonymous_0)","decl":{"start":{"line":4,"column":31},"end":{"line":4,"column":36}},"loc":{"start":{"line":6,"column":39},"end":{"line":16,"column":1}}},"1":{"name":"(anonymous_1)","decl":{"start":{"line":8,"column":38},"end":{"line":8,"column":39}},"loc":{"start":{"line":9,"column":3},"end":{"line":9,"column":30}}}},"branchMap":{},"s":{"0":2,"1":2,"2":3,"3":3,"4":18,"5":3,"6":0,"7":0,"8":2},"f":{"0":3,"1":18},"b":{}}
,"/Users/ralvarez/Repo/epam/aws-practitioner-be/services/products/repo/getProductsList.ts": {"path":"/Users/ralvarez/Repo/epam/aws-practitioner-be/services/products/repo/getProductsList.ts","statementMap":{"0":{"start":{"line":1,"column":0},"end":{"line":1,"column":54}},"1":{"start":{"line":5,"column":31},"end":{"line":13,"column":1}},"2":{"start":{"line":6,"column":1},"end":{"line":12,"column":2}},"3":{"start":{"line":8,"column":2},"end":{"line":8,"column":22}},"4":{"start":{"line":10,"column":2},"end":{"line":10,"column":60}},"5":{"start":{"line":11,"column":2},"end":{"line":11,"column":14}},"6":{"start":{"line":5,"column":13},"end":{"line":5,"column":31}}},"fnMap":{"0":{"name":"(anonymous_0)","decl":{"start":{"line":5,"column":31},"end":{"line":5,"column":36}},"loc":{"start":{"line":5,"column":77},"end":{"line":13,"column":1}}}},"branchMap":{},"s":{"0":2,"1":2,"2":1,"3":1,"4":0,"5":0,"6":2},"f":{"0":1},"b":{}}
}
