TN:
SF:data/products.ts
FNF:0
FNH:0
DA:3,4
LF:1
LH:1
BRF:0
BRH:0
end_of_record
TN:
SF:services/headers.ts
FNF:0
FNH:0
DA:1,2
LF:1
LH:1
BRF:0
BRH:0
end_of_record
TN:
SF:services/products/handlers/getProductsByIdHandler.ts
FN:5,(anonymous_0)
FNF:1
FNH:1
FNDA:3,(anonymous_0)
DA:1,1
DA:2,1
DA:5,1
DA:8,3
DA:9,3
DA:11,3
DA:12,1
DA:18,2
DA:19,2
DA:20,1
DA:29,1
DA:35,0
LF:12
LH:11
BRDA:11,0,0,1
BRDA:19,1,0,1
BRDA:19,2,0,2
BRDA:19,2,1,2
BRF:4
BRH:4
end_of_record
TN:
SF:services/products/handlers/getProductsListHandler.ts
FN:5,(anonymous_0)
FNF:1
FNH:1
FNDA:1,(anonymous_0)
DA:2,1
DA:3,1
DA:5,1
DA:6,1
DA:7,1
DA:8,1
DA:14,0
LF:7
LH:6
BRF:0
BRH:0
end_of_record
TN:
SF:services/products/repo/getProductsById.ts
FN:4,(anonymous_0)
FN:8,(anonymous_1)
FNF:2
FNH:2
FNDA:5,(anonymous_0)
FNDA:30,(anonymous_1)
DA:1,2
DA:4,2
DA:7,5
DA:8,5
DA:9,30
DA:11,5
DA:13,0
DA:14,0
LF:8
LH:6
BRF:0
BRH:0
end_of_record
TN:
SF:services/products/repo/getProductsList.ts
FN:4,(anonymous_0)
FNF:1
FNH:1
FNDA:2,(anonymous_0)
DA:1,2
DA:4,2
DA:5,2
DA:7,2
DA:9,0
DA:10,0
LF:6
LH:4
BRF:0
BRH:0
end_of_record
